<?xml version="1.0" encoding="UTF-8"?>
<!-- Generated by org.testng.reporters.JUnitReportReporter -->
<testsuite name="com.FirstClass.TestNG" tests="2" time="0.016" ignored="0" failures="0" timestamp="22 Jul 2017 14:27:46 GMT" skipped="0" hostname="AnuAswak" errors="0">
  <testcase name="testngTestMiddle2" time="0.016" classname="com.FirstClass.TestNG"/>
  <testcase name="testngTestMiddle" time="0.000" classname="com.FirstClass.TestNG"/>
</testsuite> <!-- com.FirstClass.TestNG -->
