<?xml version="1.0" encoding="UTF-8"?>
<!-- Generated by org.testng.reporters.JUnitReportReporter -->
<testsuite name="com.selenium.intro.SeleniumIntro" tests="2" time="10.306" ignored="0" failures="0" timestamp="29 Jul 2017 14:42:52 GMT" skipped="0" hostname="AnuAswak" errors="0">
  <testcase name="enterValue" time="2.233" classname="com.selenium.intro.SeleniumIntro"/>
  <testcase name="navigateToHomePage" time="8.073" classname="com.selenium.intro.SeleniumIntro"/>
</testsuite> <!-- com.selenium.intro.SeleniumIntro -->
