<?xml version="1.0" encoding="UTF-8"?>
<!-- Generated by org.testng.reporters.JUnitReportReporter -->
<testsuite name="testingGroups.ClassA" tests="1" time="0.000" ignored="4" failures="0" timestamp="22 Jul 2017 16:57:01 GMT" skipped="0" hostname="AnuAswak" errors="0">
  <testcase name="regressionClassA" time="0.000" classname="testingGroups.ClassA"/>
  <testcase name="buildValidationClassB" classname="testingGroups.ClassB">
    <skipped/>
  </testcase> <!-- buildValidationClassB -->
  <testcase name="priorityClassB" classname="testingGroups.ClassB">
    <skipped/>
  </testcase> <!-- priorityClassB -->
  <testcase name="buildValidationClassA" classname="testingGroups.ClassA">
    <skipped/>
  </testcase> <!-- buildValidationClassA -->
  <testcase name="priorityClassA" classname="testingGroups.ClassA">
    <skipped/>
  </testcase> <!-- priorityClassA -->
</testsuite> <!-- testingGroups.ClassA -->
