<?xml version="1.0" encoding="UTF-8"?>
<!-- Generated by org.testng.reporters.JUnitReportReporter -->
<testsuite name="testingGroups.ClassB" tests="2" time="0.007" ignored="8" failures="0" timestamp="22 Jul 2017 16:21:33 GMT" skipped="0" hostname="AnuAswak" errors="0">
  <testcase name="buildValidationClassB" time="0.000" classname="testingGroups.ClassB"/>
  <testcase name="regressionClassB" time="0.007" classname="testingGroups.ClassB"/>
  <testcase name="buildValidationClassA" classname="testingGroups.ClassA">
    <skipped/>
  </testcase> <!-- buildValidationClassA -->
  <testcase name="regressionClassA" classname="testingGroups.ClassA">
    <skipped/>
  </testcase> <!-- regressionClassA -->
  <testcase name="priorityClassA" classname="testingGroups.ClassA">
    <skipped/>
  </testcase> <!-- priorityClassA -->
  <testcase name="priorityClassA" classname="testingGroups.ClassA">
    <skipped/>
  </testcase> <!-- priorityClassA -->
  <testcase name="buildValidationClassB" classname="testingGroups.ClassB">
    <skipped/>
  </testcase> <!-- buildValidationClassB -->
  <testcase name="priorityClassB" classname="testingGroups.ClassB">
    <skipped/>
  </testcase> <!-- priorityClassB -->
  <testcase name="priorityClassB" classname="testingGroups.ClassB">
    <skipped/>
  </testcase> <!-- priorityClassB -->
  <testcase name="regressionClassB" classname="testingGroups.ClassB">
    <skipped/>
  </testcase> <!-- regressionClassB -->
</testsuite> <!-- testingGroups.ClassB -->
