<?xml version="1.0" encoding="UTF-8"?>
<!-- Generated by org.testng.reporters.JUnitReportReporter -->
<testsuite name="com.TestNG.RemainingPortions.CopyOfTestNG" tests="4" time="0.016" ignored="0" failures="0" timestamp="22 Jul 2017 15:23:15 GMT" skipped="0" hostname="AnuAswak" errors="0">
  <testcase name="getDataFromDataProvider" time="0.016" classname="com.TestNG.RemainingPortions.CopyOfTestNG"/>
  <testcase name="getDataFromDataProvider" time="0.000" classname="com.TestNG.RemainingPortions.CopyOfTestNG"/>
  <testcase name="getDataFromDataProvider" time="0.000" classname="com.TestNG.RemainingPortions.CopyOfTestNG"/>
  <testcase name="getDataFromDataProvider" time="0.000" classname="com.TestNG.RemainingPortions.CopyOfTestNG"/>
</testsuite> <!-- com.TestNG.RemainingPortions.CopyOfTestNG -->
